[debug] [2021-10-31T17:00:35.267Z] ----------------------------------------------------------------------
[debug] [2021-10-31T17:00:35.270Z] Command:       C:\Program Files\nodejs\node.exe C:\Users\raiha\AppData\Roaming\npm\node_modules\firebase-tools\lib\bin\firebase.js login --interactive
[debug] [2021-10-31T17:00:35.270Z] CLI Version:   9.21.0
[debug] [2021-10-31T17:00:35.270Z] Platform:      win32
[debug] [2021-10-31T17:00:35.270Z] Node Version:  v14.16.1
[debug] [2021-10-31T17:00:35.271Z] Time:          Sun Oct 31 2021 23:00:35 GMT+0600 (Bangladesh Standard Time)
[debug] [2021-10-31T17:00:35.271Z] ----------------------------------------------------------------------
[debug] 
[info] i  Firebase optionally collects CLI usage and error reporting information to help improve our products. Data is collected in accordance with Google's privacy policy (https://policies.google.com/privacy) and is not used to identify you.
 
[info] i  To change your data collection preference at any time, run `firebase logout` and log in again. 
[info] 
[info] Visit this URL on this device to log in:
[info] https://accounts.google.com/o/oauth2/auth?client_id=563584335869-fgrhgmd47bqnekij5i8b5pr03ho849e6.apps.googleusercontent.com&scope=email%20openid%20https%3A%2F%2Fwww.googleapis.com%2Fauth%2Fcloudplatformprojects.readonly%20https%3A%2F%2Fwww.googleapis.com%2Fauth%2Ffirebase%20https%3A%2F%2Fwww.googleapis.com%2Fauth%2Fcloud-platform&response_type=code&state=927081889&redirect_uri=http%3A%2F%2Flocalhost%3A9005
[info] 
[info] Waiting for authentication...
[debug] [2021-10-31T17:00:45.483Z] Error: spawn cmd ENOENT
    at Process.ChildProcess._handle.onexit (internal/child_process.js:269:19)
    at onErrorNT (internal/child_process.js:465:16)
    at processTicksAndRejections (internal/process/task_queues.js:80:21)
[error] 
[error] Error: An unexpected error has occurred.
